Determining if the pthread_create exist failed with the following output:
Change Dir: /home/dkirby/CS585/build/CMakeFiles/CMakeTmp

Run Build Command:/usr/bin/make "cmTryCompileExec3404500176/fast"
/usr/bin/make -f CMakeFiles/cmTryCompileExec3404500176.dir/build.make CMakeFiles/cmTryCompileExec3404500176.dir/build
make[1]: Entering directory `/home/dkirby/CS585/build/CMakeFiles/CMakeTmp'
/usr/bin/cmake -E cmake_progress_report /home/dkirby/CS585/build/CMakeFiles/CMakeTmp/CMakeFiles 1
Building C object CMakeFiles/cmTryCompileExec3404500176.dir/CheckSymbolExists.c.o
/usr/bin/cc    -o CMakeFiles/cmTryCompileExec3404500176.dir/CheckSymbolExists.c.o   -c /home/dkirby/CS585/build/CMakeFiles/CMakeTmp/CheckSymbolExists.c
Linking C executable cmTryCompileExec3404500176
/usr/bin/cmake -E cmake_link_script CMakeFiles/cmTryCompileExec3404500176.dir/link.txt --verbose=1
/usr/bin/cc       CMakeFiles/cmTryCompileExec3404500176.dir/CheckSymbolExists.c.o  -o cmTryCompileExec3404500176 -rdynamic 
CMakeFiles/cmTryCompileExec3404500176.dir/CheckSymbolExists.c.o: In function `main':
CheckSymbolExists.c:(.text+0x16): undefined reference to `pthread_create'
collect2: error: ld returned 1 exit status
make[1]: *** [cmTryCompileExec3404500176] Error 1
make[1]: Leaving directory `/home/dkirby/CS585/build/CMakeFiles/CMakeTmp'
make: *** [cmTryCompileExec3404500176/fast] Error 2

File /home/dkirby/CS585/build/CMakeFiles/CMakeTmp/CheckSymbolExists.c:
/* */
#include <pthread.h>

int main(int argc, char** argv)
{
  (void)argv;
#ifndef pthread_create
  return ((int*)(&pthread_create))[argc];
#else
  (void)argc;
  return 0;
#endif
}

Determining if the function pthread_create exists in the pthreads failed with the following output:
Change Dir: /home/dkirby/CS585/build/CMakeFiles/CMakeTmp

Run Build Command:/usr/bin/make "cmTryCompileExec3535349945/fast"
/usr/bin/make -f CMakeFiles/cmTryCompileExec3535349945.dir/build.make CMakeFiles/cmTryCompileExec3535349945.dir/build
make[1]: Entering directory `/home/dkirby/CS585/build/CMakeFiles/CMakeTmp'
/usr/bin/cmake -E cmake_progress_report /home/dkirby/CS585/build/CMakeFiles/CMakeTmp/CMakeFiles 1
Building C object CMakeFiles/cmTryCompileExec3535349945.dir/CheckFunctionExists.c.o
/usr/bin/cc   -DCHECK_FUNCTION_EXISTS=pthread_create   -o CMakeFiles/cmTryCompileExec3535349945.dir/CheckFunctionExists.c.o   -c /usr/share/cmake-2.8/Modules/CheckFunctionExists.c
Linking C executable cmTryCompileExec3535349945
/usr/bin/cmake -E cmake_link_script CMakeFiles/cmTryCompileExec3535349945.dir/link.txt --verbose=1
/usr/bin/cc   -DCHECK_FUNCTION_EXISTS=pthread_create    CMakeFiles/cmTryCompileExec3535349945.dir/CheckFunctionExists.c.o  -o cmTryCompileExec3535349945 -rdynamic -lpthreads 
/usr/bin/ld: cannot find -lpthreads
collect2: error: ld returned 1 exit status
make[1]: *** [cmTryCompileExec3535349945] Error 1
make[1]: Leaving directory `/home/dkirby/CS585/build/CMakeFiles/CMakeTmp'
make: *** [cmTryCompileExec3535349945/fast] Error 2


